170421 03:21:58 mysqld_safe Starting mysqld daemon with databases from /var/lib/mysql
170421  3:21:58 [Warning] Using unique option prefix key_buffer instead of key_buffer_size is deprecated and will be removed in a future release. Please use the full name instead.
170421  3:21:58 [Note] /usr/sbin/mysqld (mysqld 5.5.49-0+deb8u1) starting as process 621 ...
170421  3:21:58 [Warning] Using unique option prefix myisam-recover instead of myisam-recover-options is deprecated and will be removed in a future release. Please use the full name instead.
170421  3:21:58 [Note] Plugin 'FEDERATED' is disabled.
170421  3:21:58 InnoDB: The InnoDB memory heap is disabled
170421  3:21:58 InnoDB: Mutexes and rw_locks use GCC atomic builtins
170421  3:21:58 InnoDB: Compressed tables use zlib 1.2.8
170421  3:21:58 InnoDB: Using Linux native AIO
170421  3:21:58 InnoDB: Initializing buffer pool, size = 8.0M
170421  3:21:58 InnoDB: Completed initialization of buffer pool
170421  3:21:58 InnoDB: highest supported file format is Barracuda.
170421  3:21:58  InnoDB: Waiting for the background threads to start
170421  3:21:59 InnoDB: 5.5.49 started; log sequence number 1595675
170421  3:21:59 [Note] Server hostname (bind-address): '0.0.0.0'; port: 3306
170421  3:21:59 [Note]   - '0.0.0.0' resolves to '0.0.0.0';
170421  3:21:59 [Note] Server socket created on IP: '0.0.0.0'.
170421  3:21:59 [ERROR] /usr/sbin/mysqld: Table './mysql/user' is marked as crashed and should be repaired
170421  3:21:59 [Warning] Checking table:   './mysql/user'
170421  3:21:59 [ERROR] 1 client is using or hasn't closed the table properly
170421  3:21:59 [Note] Event Scheduler: Loaded 0 events
170421  3:21:59 [Note] /usr/sbin/mysqld: ready for connections.
Version: '5.5.49-0+deb8u1'  socket: '/var/run/mysqld/mysqld.sock'  port: 3306  (Debian)
